android/app/build/outputs/logs/manifest-merger-gvr-debug-report.txt
-- Merging decision tree log ---
manifest
ADDED from src/main/AndroidManifest.xml:1:1-29:12
	package
		ADDED from src/main/AndroidManifest.xml:2:5-29
		INJECTED from src/main/AndroidManifest.xml
		INJECTED from src/main/AndroidManifest.xml
	android:versionName
		INJECTED from src/main/AndroidManifest.xml
		INJECTED from src/main/AndroidManifest.xml
	xmlns:android
		ADDED from src/main/AndroidManifest.xml:1:11-69
	android:versionCode
		INJECTED from src/main/AndroidManifest.xml
		INJECTED from src/main/AndroidManifest.xml
uses-permission#android.permission.INTERNET
ADDED from src/main/AndroidManifest.xml:4:5-67
MERGED from [ViroSample:viro_renderer:unspecified] AndroidManifest.xml:25:5-67
	android:name
		ADDED from src/main/AndroidManifest.xml:4:22-64
uses-permission#android.permission.SYSTEM_ALERT_WINDOW
ADDED from src/main/AndroidManifest.xml:5:5-77
MERGED from [com.facebook.react:react-native:0.55.1] AndroidManifest.xml:11:5-78
	android:name
		ADDED from src/main/AndroidManifest.xml:5:22-75
uses-permission#android.permission.CAMERA
ADDED from src/main/AndroidManifest.xml:6:5-65
	android:name
		ADDED from src/main/AndroidManifest.xml:6:22-62
application
ADDED from src/main/AndroidManifest.xml:8:5-27:19
MERGED from [com.facebook.react:react-native:0.55.1] AndroidManifest.xml:13:5-20
MERGED from [com.android.support:appcompat-v7:25.0.0] AndroidManifest.xml:25:5-20
MERGED from [com.android.support:support-v4:25.0.0] AndroidManifest.xml:25:5-20
MERGED from [com.android.support:support-fragment:25.0.0] AndroidManifest.xml:25:5-20
MERGED from [com.android.support:support-media-compat:25.0.0] AndroidManifest.xml:25:5-20
MERGED from [com.android.support:support-core-ui:25.0.0] AndroidManifest.xml:25:5-20
MERGED from [com.android.support:support-core-utils:25.0.0] AndroidManifest.xml:25:5-20
MERGED from [com.android.support:animated-vector-drawable:25.0.0] AndroidManifest.xml:22:5-20
MERGED from [com.android.support:support-vector-drawable:25.0.0] AndroidManifest.xml:23:5-20
MERGED from [com.android.support:support-compat:25.0.0] AndroidManifest.xml:25:5-20
MERGED from [com.facebook.soloader:soloader:0.1.0] AndroidManifest.xml:3:3-17
MERGED from [org.webkit:android-jsc:r174650] AndroidManifest.xml:2:3-17
MERGED from [ViroSample:arcore_client:unspecified] AndroidManifest.xml:30:5-44:19
MERGED from [ViroSample:react_viro:unspecified] AndroidManifest.xml:11:5-14:19
	android:label
		ADDED from src/main/AndroidManifest.xml:10:7-39
	android:supportsRtl
		ADDED from [ViroSample:react_viro:unspecified] AndroidManifest.xml:13:9-35
	android:allowBackup
		ADDED from src/main/AndroidManifest.xml:12:7-34
	android:icon
		ADDED from src/main/AndroidManifest.xml:11:7-41
	android:theme
		ADDED from src/main/AndroidManifest.xml:13:7-38
	android:name
		ADDED from src/main/AndroidManifest.xml:9:7-38
activity#com.virosample.MainActivity
ADDED from src/main/AndroidManifest.xml:14:7-24:18
	android:label
		ADDED from src/main/AndroidManifest.xml:16:9-41
	android:windowSoftInputMode
		ADDED from src/main/AndroidManifest.xml:18:9-51
	android:configChanges
		ADDED from src/main/AndroidManifest.xml:17:9-86
	android:name
		ADDED from src/main/AndroidManifest.xml:15:9-37
intent-filter#android.intent.action.MAIN+android.intent.category.LAUNCHER+com.google.intent.category.CARDBOARD
ADDED from src/main/AndroidManifest.xml:19:9-23:25
action#android.intent.action.MAIN
ADDED from src/main/AndroidManifest.xml:20:13-65
	android:name
		ADDED from src/main/AndroidManifest.xml:20:21-62
category#android.intent.category.LAUNCHER
ADDED from src/main/AndroidManifest.xml:21:13-73
	android:name
		ADDED from src/main/AndroidManifest.xml:21:23-70
category#com.google.intent.category.CARDBOARD
ADDED from src/main/AndroidManifest.xml:22:13-77
	android:name
		ADDED from src/main/AndroidManifest.xml:22:23-74
activity#com.facebook.react.devsupport.DevSettingsActivity
ADDED from src/main/AndroidManifest.xml:25:7-84
	android:name
		ADDED from src/main/AndroidManifest.xml:25:17-81
meta-data#com.google.ar.core
ADDED from src/main/AndroidManifest.xml:26:7-79
	android:value
		ADDED from src/main/AndroidManifest.xml:26:52-76
	android:name
		ADDED from src/main/AndroidManifest.xml:26:18-51
uses-sdk
INJECTED from src/main/AndroidManifest.xml reason: use-sdk injection requested
MERGED from [com.facebook.react:react-native:0.55.1] AndroidManifest.xml:7:5-9:41
MERGED from [com.android.support:appcompat-v7:25.0.0] AndroidManifest.xml:21:5-23:78
MERGED from [com.android.support:support-v4:25.0.0] AndroidManifest.xml:21:5-23:54
MERGED from [com.android.support:support-fragment:25.0.0] AndroidManifest.xml:21:5-23:60
MERGED from [com.android.support:support-media-compat:25.0.0] AndroidManifest.xml:21:5-23:63
MERGED from [com.android.support:support-core-ui:25.0.0] AndroidManifest.xml:21:5-23:58
MERGED from [com.android.support:support-core-utils:25.0.0] AndroidManifest.xml:21:5-23:61
MERGED from [com.android.support:animated-vector-drawable:25.0.0] AndroidManifest.xml:20:5-44
MERGED from [com.android.support:support-vector-drawable:25.0.0] AndroidManifest.xml:21:5-43
MERGED from [com.android.support:support-compat:25.0.0] AndroidManifest.xml:21:5-23:58
MERGED from [com.facebook.fbui.textlayoutbuilder:textlayoutbuilder:1.0.0] AndroidManifest.xml:14:5-16:41
MERGED from [com.facebook.fresco:fresco:1.3.0] AndroidManifest.xml:5:5-7:41
MERGED from [com.facebook.fresco:drawee:1.3.0] AndroidManifest.xml:5:5-7:41
MERGED from [com.facebook.fresco:imagepipeline-okhttp3:1.3.0] AndroidManifest.xml:5:5-7:41
MERGED from [com.facebook.fresco:imagepipeline:1.3.0] AndroidManifest.xml:5:5-7:41
MERGED from [com.facebook.fresco:imagepipeline-base:1.3.0] AndroidManifest.xml:5:5-7:41
MERGED from [com.facebook.fresco:fbcore:1.3.0] AndroidManifest.xml:5:5-7:41
MERGED from [com.facebook.soloader:soloader:0.1.0] AndroidManifest.xml:2:3-70
MERGED from [ViroSample:arcore_client:unspecified] AndroidManifest.xml:26:5-28:41
MERGED from [ViroSample:gvr_common:unspecified] AndroidManifest.xml:5:5-7:41
MERGED from [ViroSample:viro_renderer:unspecified] AndroidManifest.xml:7:5-9:41
MERGED from [ViroSample:react_viro:unspecified] AndroidManifest.xml:7:5-9:41
MERGED from [com.google.android.exoplayer:exoplayer:2.7.1] AndroidManifest.xml:21:5-23:41
MERGED from [com.google.android.exoplayer:exoplayer-dash:2.7.1] AndroidManifest.xml:21:5-23:41
MERGED from [com.google.android.exoplayer:exoplayer-hls:2.7.1] AndroidManifest.xml:21:5-23:41
MERGED from [com.google.android.exoplayer:exoplayer-smoothstreaming:2.7.1] AndroidManifest.xml:21:5-23:41
MERGED from [com.google.android.exoplayer:exoplayer-ui:2.7.1] AndroidManifest.xml:21:5-23:41
MERGED from [com.google.android.exoplayer:exoplayer-core:2.7.1] AndroidManifest.xml:21:5-23:41
	tools:overrideLibrary
		ADDED from [com.android.support:appcompat-v7:25.0.0] AndroidManifest.xml:23:9-75
	android:targetSdkVersion
		INJECTED from src/main/AndroidManifest.xml
		INJECTED from src/main/AndroidManifest.xml
	android:minSdkVersion
		INJECTED from src/main/AndroidManifest.xml
		INJECTED from src/main/AndroidManifest.xml
android:uses-permission#android.permission.WRITE_EXTERNAL_STORAGE
IMPLIED from src/main/AndroidManifest.xml:1:1-29:12 reason: org.webkit.android_jsc has a targetSdkVersion < 4
android:uses-permission#android.permission.READ_PHONE_STATE
IMPLIED from src/main/AndroidManifest.xml:1:1-29:12 reason: org.webkit.android_jsc has a targetSdkVersion < 4
android:uses-permission#android.permission.READ_EXTERNAL_STORAGE
IMPLIED from src/main/AndroidManifest.xml:1:1-29:12 reason: org.webkit.android_jsc requested WRITE_EXTERNAL_STORAGE
MERGED from [ViroSample:viro_renderer:unspecified] AndroidManifest.xml:18:5-80
activity#com.google.ar.core.InstallActivity
ADDED from [ViroSample:arcore_client:unspecified] AndroidManifest.xml:33:9-39:80
	android:excludeFromRecents
		ADDED from [ViroSample:arcore_client:unspecified] AndroidManifest.xml:36:13-46
	android:launchMode
		ADDED from [ViroSample:arcore_client:unspecified] AndroidManifest.xml:38:13-43
	android:exported
		ADDED from [ViroSample:arcore_client:unspecified] AndroidManifest.xml:37:13-37
	android:configChanges
		ADDED from [ViroSample:arcore_client:unspecified] AndroidManifest.xml:35:13-74
	android:theme
		ADDED from [ViroSample:arcore_client:unspecified] AndroidManifest.xml:39:13-77
	android:name
		ADDED from [ViroSample:arcore_client:unspecified] AndroidManifest.xml:34:13-62
meta-data#com.google.ar.core.min_apk_version
ADDED from [ViroSample:arcore_client:unspecified] AndroidManifest.xml:41:9-43:41
	android:value
		ADDED from [ViroSample:arcore_client:unspecified] AndroidManifest.xml:43:13-38
	android:name
		ADDED from [ViroSample:arcore_client:unspecified] AndroidManifest.xml:42:13-62
uses-feature#0x00030000
ADDED from [ViroSample:viro_renderer:unspecified] AndroidManifest.xml:11:5-13:35
	android:glEsVersion
		ADDED from [ViroSample:viro_renderer:unspecified] AndroidManifest.xml:12:9-41
	android:required
		ADDED from [ViroSample:viro_renderer:unspecified] AndroidManifest.xml:13:9-32
uses-permission#android.permission.VIBRATE
ADDED from [ViroSample:viro_renderer:unspecified] AndroidManifest.xml:16:5-66
	android:name
		ADDED from [ViroSample:viro_renderer:unspecified] AndroidManifest.xml:16:22-63
uses-permission#android.permission.RECORD_AUDIO
ADDED from [ViroSample:viro_renderer:unspecified] AndroidManifest.xml:20:5-71
	android:name
		ADDED from [ViroSample:viro_renderer:unspecified] AndroidManifest.xml:20:22-68
uses-permission#android.permission.NFC
ADDED from [ViroSample:viro_renderer:unspecified] AndroidManifest.xml:23:5-62
	android:name
		ADDED from [ViroSample:viro_renderer:unspecified] AndroidManifest.xml:23:22-59
uses-feature#android.hardware.sensor.accelerometer
ADDED from [ViroSample:viro_renderer:unspecified] AndroidManifest.xml:28:5-30:35
	android:required
		ADDED from [ViroSample:viro_renderer:unspecified] AndroidManifest.xml:30:9-32
	android:name
		ADDED from [ViroSample:viro_renderer:unspecified] AndroidManifest.xml:29:9-61
uses-feature#android.hardware.sensor.gyroscope
ADDED from [ViroSample:viro_renderer:unspecified] AndroidManifest.xml:31:5-33:35
	android:required
		ADDED from [ViroSample:viro_renderer:unspecified] AndroidManifest.xml:33:9-32
	android:name
		ADDED from [ViroSample:viro_renderer:unspecified] AndroidManifest.xml:32:9-57
uses-feature#android.software.vr.mode
ADDED from [ViroSample:viro_renderer:unspecified] AndroidManifest.xml:36:5-38:36
	android:required
		ADDED from [ViroSample:viro_renderer:unspecified] AndroidManifest.xml:38:9-33
	android:name
		ADDED from [ViroSample:viro_renderer:unspecified] AndroidManifest.xml:37:9-48
uses-feature#android.hardware.vr.high_performance
ADDED from [ViroSample:viro_renderer:unspecified] AndroidManifest.xml:40:5-42:36
	android:required
		ADDED from [ViroSample:viro_renderer:unspecified] AndroidManifest.xml:42:9-33
	android:name
		ADDED from [ViroSample:viro_renderer:unspecified] AndroidManifest.xml:41:9-60